[debug] [2026-03-21T22:46:25.394Z] ----------------------------------------------------------------------
[debug] [2026-03-21T22:46:25.397Z] Command:       C:\Program Files\nodejs\node.exe C:\Users\thiag\AppData\Roaming\npm\node_modules\firebase-tools\lib\bin\firebase.js init
[debug] [2026-03-21T22:46:25.397Z] CLI Version:   15.11.0
[debug] [2026-03-21T22:46:25.397Z] Platform:      win32
[debug] [2026-03-21T22:46:25.397Z] Node Version:  v24.14.0
[debug] [2026-03-21T22:46:25.397Z] Time:          Sat Mar 21 2026 19:46:25 GMT-0300 (Horário Padrão de Brasília)
[debug] [2026-03-21T22:46:25.397Z] ----------------------------------------------------------------------
[debug] 
[info] 
     ######## #### ########  ######## ########     ###     ######  ########
     ##        ##  ##     ## ##       ##     ##  ##   ##  ##       ##
     ######    ##  ########  ######   ########  #########  ######  ######
     ##        ##  ##    ##  ##       ##     ## ##     ##       ## ##
     ##       #### ##     ## ######## ########  ##     ##  ######  ########

You're about to initialize a Firebase project in this directory:

  C:\app_masso

Before we get started, keep in mind:

  * You are currently outside your home directory

[info] 
=== Project Setup
[info] 
[info] First, let's associate this project directory with a Firebase project.
[info] You can create multiple project aliases by running firebase use --add, 
[info] 
[debug] [2026-03-21T22:50:32.417Z] > command requires scopes: ["email","openid","https://www.googleapis.com/auth/cloudplatformprojects.readonly","https://www.googleapis.com/auth/firebase","https://www.googleapis.com/auth/cloud-platform"]
[debug] [2026-03-21T22:50:32.417Z] > authorizing via signed-in user (podcastmeprodutora@gmail.com)
[debug] [2026-03-21T22:50:32.419Z] Checked if tokens are valid: true, expires at: 1774136616140
[debug] [2026-03-21T22:50:32.420Z] Checked if tokens are valid: true, expires at: 1774136616140
[debug] [2026-03-21T22:50:32.421Z] >>> [apiv2][query] GET https://firebase.googleapis.com/v1beta1/projects pageSize=100
[debug] [2026-03-21T22:50:33.135Z] <<< [apiv2][status] GET https://firebase.googleapis.com/v1beta1/projects 200
[debug] [2026-03-21T22:50:33.135Z] <<< [apiv2][body] GET https://firebase.googleapis.com/v1beta1/projects [omitted]
[info] 
=== Firestore Setup
[info] i  firestore: ensuring required API firestore.googleapis.com is enabled... 
[debug] [2026-03-21T22:50:36.334Z] Checked if tokens are valid: true, expires at: 1774136616140
[debug] [2026-03-21T22:50:36.334Z] Checked if tokens are valid: true, expires at: 1774136616140
[debug] [2026-03-21T22:50:36.334Z] >>> [apiv2][query] GET https://serviceusage.googleapis.com/v1/projects/app-masso/services/firestore.googleapis.com [none]
[debug] [2026-03-21T22:50:36.334Z] >>> [apiv2][(partial)header] GET https://serviceusage.googleapis.com/v1/projects/app-masso/services/firestore.googleapis.com  x-goog-user-project=app-masso
[debug] [2026-03-21T22:50:37.475Z] <<< [apiv2][status] GET https://serviceusage.googleapis.com/v1/projects/app-masso/services/firestore.googleapis.com 200
[debug] [2026-03-21T22:50:37.475Z] <<< [apiv2][body] GET https://serviceusage.googleapis.com/v1/projects/app-masso/services/firestore.googleapis.com [omitted]
[warn] !  firestore: missing required API firestore.googleapis.com. Enabling now... 
[debug] [2026-03-21T22:50:37.476Z] Checked if tokens are valid: true, expires at: 1774136616140
[debug] [2026-03-21T22:50:37.476Z] Checked if tokens are valid: true, expires at: 1774136616140
[debug] [2026-03-21T22:50:37.476Z] >>> [apiv2][query] POST https://serviceusage.googleapis.com/v1/projects/app-masso/services/firestore.googleapis.com:enable [none]
[debug] [2026-03-21T22:50:37.476Z] >>> [apiv2][(partial)header] POST https://serviceusage.googleapis.com/v1/projects/app-masso/services/firestore.googleapis.com:enable  x-goog-user-project=app-masso
[debug] [2026-03-21T22:50:38.281Z] <<< [apiv2][status] POST https://serviceusage.googleapis.com/v1/projects/app-masso/services/firestore.googleapis.com:enable 200
[debug] [2026-03-21T22:50:38.281Z] <<< [apiv2][body] POST https://serviceusage.googleapis.com/v1/projects/app-masso/services/firestore.googleapis.com:enable [omitted]
[debug] [2026-03-21T22:50:48.301Z] Checked if tokens are valid: true, expires at: 1774136616140
[debug] [2026-03-21T22:50:48.301Z] Checked if tokens are valid: true, expires at: 1774136616140
[debug] [2026-03-21T22:50:48.301Z] >>> [apiv2][query] GET https://firestore.googleapis.com/v1/projects/app-masso/databases [none]
[debug] [2026-03-21T22:50:48.894Z] <<< [apiv2][status] GET https://firestore.googleapis.com/v1/projects/app-masso/databases 200
[debug] [2026-03-21T22:50:48.894Z] <<< [apiv2][body] GET https://firestore.googleapis.com/v1/projects/app-masso/databases {}
[debug] [2026-03-21T22:50:48.895Z] Checked if tokens are valid: true, expires at: 1774136616140
[debug] [2026-03-21T22:50:48.895Z] Checked if tokens are valid: true, expires at: 1774136616140
[debug] [2026-03-21T22:50:48.895Z] >>> [apiv2][query] GET https://firestore.googleapis.com/v1/projects/app-masso/locations [none]
[debug] [2026-03-21T22:50:49.168Z] <<< [apiv2][status] GET https://firestore.googleapis.com/v1/projects/app-masso/locations 200
[debug] [2026-03-21T22:50:49.168Z] <<< [apiv2][body] GET https://firestore.googleapis.com/v1/projects/app-masso/locations {"locations":[{"name":"projects/app-masso/locations/eur3","labels":{"appengine.googleapis.com/geo":"europe-west","cloud.googleapis.com/location":"eur3","cloud.googleapis.com/geo":"eur3"},"metadata":{"@type":"type.googleapis.com/google.firestore.admin.v1.LocationMetadata"},"locationId":"eur3","displayName":"Europe"},{"name":"projects/app-masso/locations/nam5","labels":{"appengine.googleapis.com/geo":"us-central","cloud.googleapis.com/location":"nam5","cloud.googleapis.com/geo":"nam5"},"metadata":{"@type":"type.googleapis.com/google.firestore.admin.v1.LocationMetadata"},"locationId":"nam5","displayName":"United States"},{"name":"projects/app-masso/locations/nam7","labels":{"cloud.googleapis.com/location":"nam7","cloud.googleapis.com/geo":"nam7"},"metadata":{"@type":"type.googleapis.com/google.firestore.admin.v1.LocationMetadata"},"locationId":"nam7","displayName":"United States"},{"name":"projects/app-masso/locations/africa-south1","labels":{"cloud.googleapis.com/location":"africa-south1","cloud.googleapis.com/region":"africa-south1"},"metadata":{"@type":"type.googleapis.com/google.firestore.admin.v1.LocationMetadata"},"locationId":"africa-south1","displayName":"Johannesburg"},{"name":"projects/app-masso/locations/asia-east1","labels":{"appengine.googleapis.com/region":"asia-east1","cloud.googleapis.com/location":"asia-east1","cloud.googleapis.com/region":"asia-east1"},"metadata":{"@type":"type.googleapis.com/google.firestore.admin.v1.LocationMetadata"},"locationId":"asia-east1","displayName":"Taiwan"},{"name":"projects/app-masso/locations/asia-east2","labels":{"appengine.googleapis.com/region":"asia-east2","cloud.googleapis.com/location":"asia-east2","cloud.googleapis.com/region":"asia-east2"},"metadata":{"@type":"type.googleapis.com/google.firestore.admin.v1.LocationMetadata"},"locationId":"asia-east2","displayName":"Hong Kong"},{"name":"projects/app-masso/locations/asia-northeast1","labels":{"appengine.googleapis.com/region":"asia-northeast1","cloud.googleapis.com/location":"asia-northeast1","cloud.googleapis.com/region":"asia-northeast1"},"metadata":{"@type":"type.googleapis.com/google.firestore.admin.v1.LocationMetadata"},"locationId":"asia-northeast1","displayName":"Tokyo"},{"name":"projects/app-masso/locations/asia-northeast2","labels":{"appengine.googleapis.com/region":"asia-northeast2","cloud.googleapis.com/location":"asia-northeast2","cloud.googleapis.com/region":"asia-northeast2"},"metadata":{"@type":"type.googleapis.com/google.firestore.admin.v1.LocationMetadata"},"locationId":"asia-northeast2","displayName":"Osaka"},{"name":"projects/app-masso/locations/asia-northeast3","labels":{"appengine.googleapis.com/region":"asia-northeast3","cloud.googleapis.com/location":"asia-northeast3","cloud.googleapis.com/region":"asia-northeast3"},"metadata":{"@type":"type.googleapis.com/google.firestore.admin.v1.LocationMetadata"},"locationId":"asia-northeast3","displayName":"Seoul"},{"name":"projects/app-masso/locations/asia-south1","labels":{"appengine.googleapis.com/region":"asia-south1","cloud.googleapis.com/location":"asia-south1","cloud.googleapis.com/region":"asia-south1"},"metadata":{"@type":"type.googleapis.com/google.firestore.admin.v1.LocationMetadata"},"locationId":"asia-south1","displayName":"Mumbai"},{"name":"projects/app-masso/locations/asia-south2","labels":{"cloud.googleapis.com/location":"asia-south2","cloud.googleapis.com/region":"asia-south2"},"metadata":{"@type":"type.googleapis.com/google.firestore.admin.v1.LocationMetadata"},"locationId":"asia-south2","displayName":"Delhi"},{"name":"projects/app-masso/locations/asia-southeast1","labels":{"appengine.googleapis.com/region":"asia-southeast1","cloud.googleapis.com/location":"asia-southeast1","cloud.googleapis.com/region":"asia-southeast1"},"metadata":{"@type":"type.googleapis.com/google.firestore.admin.v1.LocationMetadata"},"locationId":"asia-southeast1","displayName":"Singapore"},{"name":"projects/app-masso/locations/asia-southeast2","labels":{"appengine.googleapis.com/region":"asia-southeast2","cloud.googleapis.com/location":"asia-southeast2","cloud.googleapis.com/region":"asia-southeast2"},"metadata":{"@type":"type.googleapis.com/google.firestore.admin.v1.LocationMetadata"},"locationId":"asia-southeast2","displayName":"Jakarta"},{"name":"projects/app-masso/locations/asia-southeast3","labels":{"cloud.googleapis.com/location":"asia-southeast3","cloud.googleapis.com/region":"asia-southeast3"},"metadata":{"@type":"type.googleapis.com/google.firestore.admin.v1.LocationMetadata"},"locationId":"asia-southeast3","displayName":"Bangkok"},{"name":"projects/app-masso/locations/australia-southeast1","labels":{"appengine.googleapis.com/region":"australia-southeast1","cloud.googleapis.com/location":"australia-southeast1","cloud.googleapis.com/region":"australia-southeast1"},"metadata":{"@type":"type.googleapis.com/google.firestore.admin.v1.LocationMetadata"},"locationId":"australia-southeast1","displayName":"Sydney"},{"name":"projects/app-masso/locations/australia-southeast2","labels":{"cloud.googleapis.com/location":"australia-southeast2","cloud.googleapis.com/region":"australia-southeast2"},"metadata":{"@type":"type.googleapis.com/google.firestore.admin.v1.LocationMetadata"},"locationId":"australia-southeast2","displayName":"Melbourne"},{"name":"projects/app-masso/locations/europe-central2","labels":{"appengine.googleapis.com/region":"europe-central2","cloud.googleapis.com/location":"europe-central2","cloud.googleapis.com/region":"europe-central2"},"metadata":{"@type":"type.googleapis.com/google.firestore.admin.v1.LocationMetadata"},"locationId":"europe-central2","displayName":"Warsaw"},{"name":"projects/app-masso/locations/europe-north1","labels":{"cloud.googleapis.com/location":"europe-north1","cloud.googleapis.com/region":"europe-north1"},"metadata":{"@type":"type.googleapis.com/google.firestore.admin.v1.LocationMetadata"},"locationId":"europe-north1","displayName":"Finland"},{"name":"projects/app-masso/locations/europe-north2","labels":{"cloud.googleapis.com/location":"europe-north2","cloud.googleapis.com/region":"europe-north2"},"metadata":{"@type":"type.googleapis.com/google.firestore.admin.v1.LocationMetadata"},"locationId":"europe-north2","displayName":"Stockholm"},{"name":"projects/app-masso/locations/europe-southwest1","labels":{"cloud.googleapis.com/location":"europe-southwest1","cloud.googleapis.com/region":"europe-southwest1"},"metadata":{"@type":"type.googleapis.com/google.firestore.admin.v1.LocationMetadata"},"locationId":"europe-southwest1","displayName":"Madrid"},{"name":"projects/app-masso/locations/europe-west1","labels":{"cloud.googleapis.com/location":"europe-west1","cloud.googleapis.com/region":"europe-west1"},"metadata":{"@type":"type.googleapis.com/google.firestore.admin.v1.LocationMetadata"},"locationId":"europe-west1","displayName":"Belgium"},{"name":"projects/app-masso/locations/europe-west10","labels":{"cloud.googleapis.com/location":"europe-west10","cloud.googleapis.com/region":"europe-west10"},"metadata":{"@type":"type.googleapis.com/google.firestore.admin.v1.LocationMetadata"},"locationId":"europe-west10","displayName":"Berlin"},{"name":"projects/app-masso/locations/europe-west12","labels":{"cloud.googleapis.com/location":"europe-west12","cloud.googleapis.com/region":"europe-west12"},"metadata":{"@type":"type.googleapis.com/google.firestore.admin.v1.LocationMetadata"},"locationId":"europe-west12","displayName":"Turin"},{"name":"projects/app-masso/locations/europe-west2","labels":{"appengine.googleapis.com/region":"europe-west2","cloud.googleapis.com/location":"europe-west2","cloud.googleapis.com/region":"europe-west2"},"metadata":{"@type":"type.googleapis.com/google.firestore.admin.v1.LocationMetadata"},"locationId":"europe-west2","displayName":"London"},{"name":"projects/app-masso/locations/europe-west3","labels":{"appengine.googleapis.com/region":"europe-west3","cloud.googleapis.com/location":"europe-west3","cloud.googleapis.com/region":"europe-west3"},"metadata":{"@type":"type.googleapis.com/google.firestore.admin.v1.LocationMetadata"},"locationId":"europe-west3","displayName":"Frankfurt"},{"name":"projects/app-masso/locations/europe-west4","labels":{"cloud.googleapis.com/location":"europe-west4","cloud.googleapis.com/region":"europe-west4"},"metadata":{"@type":"type.googleapis.com/google.firestore.admin.v1.LocationMetadata"},"locationId":"europe-west4","displayName":"Netherlands"},{"name":"projects/app-masso/locations/europe-west6","labels":{"appengine.googleapis.com/region":"europe-west6","cloud.googleapis.com/location":"europe-west6","cloud.googleapis.com/region":"europe-west6"},"metadata":{"@type":"type.googleapis.com/google.firestore.admin.v1.LocationMetadata"},"locationId":"europe-west6","displayName":"Zurich"},{"name":"projects/app-masso/locations/europe-west8","labels":{"cloud.googleapis.com/location":"europe-west8","cloud.googleapis.com/region":"europe-west8"},"metadata":{"@type":"type.googleapis.com/google.firestore.admin.v1.LocationMetadata"},"locationId":"europe-west8","displayName":"Milan"},{"name":"projects/app-masso/locations/europe-west9","labels":{"cloud.googleapis.com/location":"europe-west9","cloud.googleapis.com/region":"europe-west9"},"metadata":{"@type":"type.googleapis.com/google.firestore.admin.v1.LocationMetadata"},"locationId":"europe-west9","displayName":"Paris"},{"name":"projects/app-masso/locations/me-central1","labels":{"cloud.googleapis.com/location":"me-central1","cloud.googleapis.com/region":"me-central1"},"metadata":{"@type":"type.googleapis.com/google.firestore.admin.v1.LocationMetadata"},"locationId":"me-central1","displayName":"Doha"},{"name":"projects/app-masso/locations/me-central2","labels":{"cloud.googleapis.com/location":"me-central2","cloud.googleapis.com/region":"me-central2"},"metadata":{"@type":"type.googleapis.com/google.firestore.admin.v1.LocationMetadata"},"locationId":"me-central2","displayName":"Dammam"},{"name":"projects/app-masso/locations/me-west1","labels":{"cloud.googleapis.com/location":"me-west1","cloud.googleapis.com/region":"me-west1"},"metadata":{"@type":"type.googleapis.com/google.firestore.admin.v1.LocationMetadata"},"locationId":"me-west1","displayName":"Tel Aviv"},{"name":"projects/app-masso/locations/northamerica-northeast1","labels":{"appengine.googleapis.com/region":"northamerica-northeast1","cloud.googleapis.com/location":"northamerica-northeast1","cloud.googleapis.com/region":"northamerica-northeast1"},"metadata":{"@type":"type.googleapis.com/google.firestore.admin.v1.LocationMetadata"},"locationId":"northamerica-northeast1","displayName":"Montréal"},{"name":"projects/app-masso/locations/northamerica-northeast2","labels":{"cloud.googleapis.com/location":"northamerica-northeast2","cloud.googleapis.com/region":"northamerica-northeast2"},"metadata":{"@type":"type.googleapis.com/google.firestore.admin.v1.LocationMetadata"},"locationId":"northamerica-northeast2","displayName":"Toronto"},{"name":"projects/app-masso/locations/northamerica-south1","labels":{"cloud.googleapis.com/location":"northamerica-south1","cloud.googleapis.com/region":"northamerica-south1"},"metadata":{"@type":"type.googleapis.com/google.firestore.admin.v1.LocationMetadata"},"locationId":"northamerica-south1","displayName":"Mexico"},{"name":"projects/app-masso/locations/southamerica-east1","labels":{"appengine.googleapis.com/region":"southamerica-east1","cloud.googleapis.com/location":"southamerica-east1","cloud.googleapis.com/region":"southamerica-east1"},"metadata":{"@type":"type.googleapis.com/google.firestore.admin.v1.LocationMetadata"},"locationId":"southamerica-east1","displayName":"São Paulo"},{"name":"projects/app-masso/locations/southamerica-west1","labels":{"cloud.googleapis.com/location":"southamerica-west1","cloud.googleapis.com/region":"southamerica-west1"},"metadata":{"@type":"type.googleapis.com/google.firestore.admin.v1.LocationMetadata"},"locationId":"southamerica-west1","displayName":"Santiago"},{"name":"projects/app-masso/locations/us-central1","labels":{"cloud.googleapis.com/location":"us-central1","cloud.googleapis.com/region":"us-central1"},"metadata":{"@type":"type.googleapis.com/google.firestore.admin.v1.LocationMetadata"},"locationId":"us-central1","displayName":"Iowa"},{"name":"projects/app-masso/locations/us-east1","labels":{"appengine.googleapis.com/region":"us-east1","cloud.googleapis.com/location":"us-east1","cloud.googleapis.com/region":"us-east1"},"metadata":{"@type":"type.googleapis.com/google.firestore.admin.v1.LocationMetadata"},"locationId":"us-east1","displayName":"South Carolina"},{"name":"projects/app-masso/locations/us-east4","labels":{"appengine.googleapis.com/region":"us-east4","cloud.googleapis.com/location":"us-east4","cloud.googleapis.com/region":"us-east4"},"metadata":{"@type":"type.googleapis.com/google.firestore.admin.v1.LocationMetadata"},"locationId":"us-east4","displayName":"Northern Virginia"},{"name":"projects/app-masso/locations/us-east5","labels":{"cloud.googleapis.com/location":"us-east5","cloud.googleapis.com/region":"us-east5"},"metadata":{"@type":"type.googleapis.com/google.firestore.admin.v1.LocationMetadata"},"locationId":"us-east5","displayName":"Columbus"},{"name":"projects/app-masso/locations/us-south1","labels":{"cloud.googleapis.com/location":"us-south1","cloud.googleapis.com/region":"us-south1"},"metadata":{"@type":"type.googleapis.com/google.firestore.admin.v1.LocationMetadata"},"locationId":"us-south1","displayName":"Dallas"},{"name":"projects/app-masso/locations/us-west1","labels":{"appengine.googleapis.com/region":"us-west1","cloud.googleapis.com/location":"us-west1","cloud.googleapis.com/region":"us-west1"},"metadata":{"@type":"type.googleapis.com/google.firestore.admin.v1.LocationMetadata"},"locationId":"us-west1","displayName":"Oregon"},{"name":"projects/app-masso/locations/us-west2","labels":{"appengine.googleapis.com/region":"us-west2","cloud.googleapis.com/location":"us-west2","cloud.googleapis.com/region":"us-west2"},"metadata":{"@type":"type.googleapis.com/google.firestore.admin.v1.LocationMetadata"},"locationId":"us-west2","displayName":"Los Angeles"},{"name":"projects/app-masso/locations/us-west3","labels":{"appengine.googleapis.com/region":"us-west3","cloud.googleapis.com/location":"us-west3","cloud.googleapis.com/region":"us-west3"},"metadata":{"@type":"type.googleapis.com/google.firestore.admin.v1.LocationMetadata"},"locationId":"us-west3","displayName":"Salt Lake City"},{"name":"projects/app-masso/locations/us-west4","labels":{"appengine.googleapis.com/region":"us-west4","cloud.googleapis.com/location":"us-west4","cloud.googleapis.com/region":"us-west4"},"metadata":{"@type":"type.googleapis.com/google.firestore.admin.v1.LocationMetadata"},"locationId":"us-west4","displayName":"Las Vegas"}]}
[info] 
[info] Firestore Security Rules allow you to define how and when to allow
[info] requests. You can keep these rules in your project directory
[info] and publish them with firebase deploy.
[info] 
[debug] [2026-03-21T22:52:23.833Z] Checked if tokens are valid: true, expires at: 1774136616140
[debug] [2026-03-21T22:52:23.833Z] Checked if tokens are valid: true, expires at: 1774136616140
[debug] [2026-03-21T22:52:23.833Z] >>> [apiv2][query] GET https://firebaserules.googleapis.com/v1/projects/app-masso/releases pageSize=10&pageToken=
[debug] [2026-03-21T22:52:24.994Z] <<< [apiv2][status] GET https://firebaserules.googleapis.com/v1/projects/app-masso/releases 200
[debug] [2026-03-21T22:52:24.994Z] <<< [apiv2][body] GET https://firebaserules.googleapis.com/v1/projects/app-masso/releases {}
[info] 
[info] Firestore indexes allow you to perform complex queries while
[info] maintaining performance that scales with the size of the result
[info] set. You can keep index definitions in your project directory
[info] and publish them with firebase deploy.
[info] 
[debug] [2026-03-21T22:52:25.768Z] Checked if tokens are valid: true, expires at: 1774136616140
[debug] [2026-03-21T22:52:25.768Z] Checked if tokens are valid: true, expires at: 1774136616140
[debug] [2026-03-21T22:52:25.769Z] Checked if tokens are valid: true, expires at: 1774136616140
[debug] [2026-03-21T22:52:25.769Z] Checked if tokens are valid: true, expires at: 1774136616140
[debug] [2026-03-21T22:52:25.769Z] >>> [apiv2][query] GET https://firestore.googleapis.com/v1/projects/app-masso/databases/(default)/collectionGroups/-/indexes [none]
[debug] [2026-03-21T22:52:25.771Z] >>> [apiv2][query] GET https://firestore.googleapis.com/v1/projects/app-masso/databases/(default)/collectionGroups/-/fields?filter=indexConfig.usesAncestorConfig=false OR ttlConfig:* [none]
[debug] [2026-03-21T22:52:26.370Z] <<< [apiv2][status] GET https://firestore.googleapis.com/v1/projects/app-masso/databases/(default)/collectionGroups/-/fields?filter=indexConfig.usesAncestorConfig=false OR ttlConfig:* 404
[debug] [2026-03-21T22:52:26.370Z] <<< [apiv2][body] GET https://firestore.googleapis.com/v1/projects/app-masso/databases/(default)/collectionGroups/-/fields?filter=indexConfig.usesAncestorConfig=false OR ttlConfig:* {"error":{"code":404,"message":"Project 'app-masso' or database '(default)' does not exist.","status":"NOT_FOUND"}}
[info] +  Wrote firestore.rules 
[info] +  Wrote firestore.indexes.json 
[info] 
=== Hosting Setup
[debug] [2026-03-21T22:52:26.381Z] Checked if tokens are valid: true, expires at: 1774136616140
[debug] [2026-03-21T22:52:26.381Z] Checked if tokens are valid: true, expires at: 1774136616140
[debug] [2026-03-21T22:52:26.381Z] >>> [apiv2][query] GET https://firebase.googleapis.com/v1beta1/projects/app-masso [none]
[debug] [2026-03-21T22:52:26.382Z] <<< [apiv2][status] GET https://firestore.googleapis.com/v1/projects/app-masso/databases/(default)/collectionGroups/-/indexes 404
[debug] [2026-03-21T22:52:26.383Z] <<< [apiv2][body] GET https://firestore.googleapis.com/v1/projects/app-masso/databases/(default)/collectionGroups/-/indexes {"error":{"code":404,"message":"Project 'app-masso' or database '(default)' does not exist.","status":"NOT_FOUND"}}
[debug] [2026-03-21T22:52:26.782Z] <<< [apiv2][status] GET https://firebase.googleapis.com/v1beta1/projects/app-masso 200
[debug] [2026-03-21T22:52:26.782Z] <<< [apiv2][body] GET https://firebase.googleapis.com/v1beta1/projects/app-masso {"projectId":"app-masso","projectNumber":"409161272748","displayName":"app-masso","name":"projects/app-masso","resources":{"hostingSite":"app-masso"},"state":"ACTIVE","etag":"1_5c583ee5-8e3d-42e6-b05b-42697909c7c3"}
[info] 
[info] Your public directory is the folder (relative to your project directory) that
[info] will contain Hosting assets to be uploaded with firebase deploy. If you
[info] have a build process for your assets, use your build's output directory.
[info] 
